<?xml version="1.0" encoding="UTF-8"?>
<!-- Generated by org.testng.reporters.JUnitXMLReporter -->
<testsuite ignored="0" hostname="Fahad" failures="0" tests="6" name="SanityTest" time="0.131" errors="0" timestamp="2023-06-05T15:17:00 BDT">
  <testcase classname="BatchTesting.LoginTest" name="LoginByEmail" time="0.023"/>
  <testcase classname="BatchTesting.LoginTest" name="LoginByFacebook" time="0.005"/>
  <testcase classname="BatchTesting.LoginTest" name="LoginByTwitter" time="0.004"/>
  <testcase classname="BatchTesting.SignupTest" name="signUpByEmail" time="0.004"/>
  <testcase classname="BatchTesting.SignupTest" name="signUpByFacebook" time="0.004"/>
  <testcase classname="BatchTesting.SignupTest" name="signUpByTwitter" time="0.004"/>
</testsuite> <!-- SanityTest -->
