<?xml version="1.0" encoding="UTF-8"?>
<!-- Generated by org.testng.reporters.JUnitXMLReporter -->
<testsuite ignored="0" hostname="Fahad" failures="0" tests="4" name="Test" time="0.107" errors="0" timestamp="2023-06-06T22:14:08 BDT">
  <testcase classname="ParallelTesting.TestNGParallelTest" name="test2" time="0.03"/>
  <testcase classname="ParallelTesting.TestNGParallelTest" name="test1" time="0.034"/>
  <testcase classname="ParallelTesting.TestNGParallelTest" name="test1" time="0.031"/>
  <testcase classname="ParallelTesting.TestNGParallelTest" name="test1" time="0.035"/>
</testsuite> <!-- Test -->
