<?xml version="1.0" encoding="UTF-8"?>
<!-- Generated by org.testng.reporters.JUnitXMLReporter -->
<testsuite ignored="0" hostname="Fahad" failures="0" tests="3" name="Test" time="0.099" errors="0" timestamp="2023-06-05T23:14:36 BDT">
  <testcase classname="TestNGTestingDemo.FirstTestNGFile" name="f" time="0.019"/>
  <testcase classname="TestNGTestingDemo.FirstTestNGFile" name="m" time="0.002"/>
  <testcase classname="TestNGTestingDemo.Test_1" name="m1" time="0.003"/>
</testsuite> <!-- Test -->
