<?xml version="1.0" encoding="UTF-8"?>
<!-- Generated by org.testng.reporters.JUnitXMLReporter -->
<testsuite ignored="0" hostname="Fahad" failures="1" tests="2" name="LoginTest" time="0.099" errors="0" timestamp="2023-06-07T09:26:57 BDT">
  <testcase classname="Listeners.LoginTest" name="LoginByEmail" time="0.022">
    <failure type="java.lang.AssertionError" message="expected [fahad@gmail.com] but found [Fahad@gmail.com]">
      <![CDATA[java.lang.AssertionError: expected [fahad@gmail.com] but found [Fahad@gmail.com]
at Listeners.LoginTest.LoginByEmail(LoginTest.java:17)
at java.base/java.util.ArrayList.forEach(ArrayList.java:1511)
... Removed 31 stack frames]]>
    </failure>
  </testcase> <!-- LoginByEmail -->
  <testcase classname="Listeners.LoginTest" name="LoginByFb" time="0.003"/>
</testsuite> <!-- LoginTest -->
