<?xml version="1.0" encoding="UTF-8"?>
<!-- Generated by org.testng.reporters.JUnitXMLReporter -->
<testsuite ignored="0" hostname="Fahad" failures="0" tests="3" name="Functional Tests" time="0.036" errors="0" timestamp="2023-06-05T15:17:00 BDT">
  <testcase classname="BatchTesting.PaymentReturn" name="paymentReturnByBank" time="0.002"/>
  <testcase classname="BatchTesting.PaymentTest" name="paymentInDoller" time="0.023"/>
  <testcase classname="BatchTesting.PaymentTest" name="paymentInTaka" time="0.002"/>
</testsuite> <!-- Functional Tests -->
