<?xml version="1.0" encoding="UTF-8"?>
<!-- Generated by org.testng.reporters.JUnitXMLReporter -->
<testsuite ignored="0" hostname="Fahad" failures="0" tests="9" name="Muster Tests" time="0.158" errors="0" timestamp="2023-06-05T15:10:42 BDT">
  <testcase classname="BatchTesting.LoginTest" name="LoginByEmail" time="0.019"/>
  <testcase classname="BatchTesting.LoginTest" name="LoginByFacebook" time="0.004"/>
  <testcase classname="BatchTesting.LoginTest" name="LoginByTwitter" time="0.003"/>
  <testcase classname="BatchTesting.PaymentTest" name="paymentInDoller" time="0.003"/>
  <testcase classname="BatchTesting.PaymentTest" name="paymentInTaka" time="0.005"/>
  <testcase classname="BatchTesting.SignupTest" name="signUpByEmail" time="0.004"/>
  <testcase classname="BatchTesting.SignupTest" name="signUpByFacebook" time="0.006"/>
  <testcase classname="BatchTesting.SignupTest" name="signUpByTwitter" time="0.003"/>
  <testcase classname="BatchTesting.PaymentReturn" name="paymentReturnByBank" time="0.004"/>
</testsuite> <!-- Muster Tests -->
